Arguments: 
  /usr/local/bin/node /usr/local/bin/yarn add @metaplex-foundation

PATH: 
  /Users/tomekregulski/.asdf/shims:/Users/tomekregulski/.asdf/bin:/Users/tomekregulski/Desktop/google-cloud-sdk/bin:/opt/anaconda3/bin:/opt/anaconda3/condabin:/Users/tomekregulski/.npm-global/bin:/Users/tomekregulski/.local/share/solana/install/active_release/bin:/Library/Frameworks/Python.framework/Versions/3.9/bin:/usr/local/bin:/usr/bin:/bin:/usr/sbin:/sbin:/usr/local/share/dotnet:~/.dotnet/tools:/Library/Apple/usr/bin:/Applications/Postgres.app/Contents/Versions/latest/bin:/Users/tomekregulski/.cargo/bin

Yarn version: 
  1.22.17

Node version: 
  16.13.2

Platform: 
  darwin x64

Trace: 
  Error: https://registry.yarnpkg.com/@metaplex-foundation: Request "https://registry.yarnpkg.com/@metaplex-foundation" returned a 405
      at Request.params.callback [as _callback] (/usr/local/lib/node_modules/yarn/lib/cli.js:67038:18)
      at Request.self.callback (/usr/local/lib/node_modules/yarn/lib/cli.js:140883:22)
      at Request.emit (node:events:390:28)
      at Request.<anonymous> (/usr/local/lib/node_modules/yarn/lib/cli.js:141855:10)
      at Request.emit (node:events:390:28)
      at IncomingMessage.<anonymous> (/usr/local/lib/node_modules/yarn/lib/cli.js:141777:12)
      at Object.onceWrapper (node:events:509:28)
      at IncomingMessage.emit (node:events:402:35)
      at endReadableNT (node:internal/streams/readable:1343:12)
      at processTicksAndRejections (node:internal/process/task_queues:83:21)

npm manifest: 
  {
    "name": "@solana/wallet-adapter-react-ui-starter",
    "version": "0.9.3",
    "author": "Solana Maintainers <maintainers@solana.foundation>",
    "repository": "https://github.com/solana-labs/wallet-adapter",
    "license": "Apache-2.0",
    "publishConfig": {
      "access": "public"
    },
    "files": [
      "src",
      ".editorconfig",
      ".eslintignore",
      ".eslintrc.json",
      ".gitignore",
      ".prettierignore",
      ".prettierrc",
      "LICENSE",
      "package.json",
      "tsconfig.json"
    ],
    "scripts": {
      "clean": "shx rm -rf dist .parcel-cache",
      "build": "yarn clean && parcel build src/index.html",
      "start": "yarn clean && parcel src/index.html",
      "fmt": "prettier --write '{*,**/*}.{js,ts,jsx,tsx,json}'",
      "lint": "eslint . && prettier --check '{*,**/*}.{js,ts,jsx,tsx,json}'",
      "lint:fix": "eslint --fix . && yarn fmt",
      "nuke": "shx rm -rf node_modules yarn.lock"
    },
    "dependencies": {
      "@project-serum/anchor": "^0.20.1",
      "@solana/spl-token": "^0.2.0",
      "@solana/wallet-adapter-base": "^0.9.4",
      "@solana/wallet-adapter-react": "^0.15.3",
      "@solana/wallet-adapter-react-ui": "^0.9.5",
      "@solana/wallet-adapter-wallets": "^0.15.2",
      "@solana/web3.js": "^1.36.0",
      "react": "^17.0.0",
      "react-dom": "^17.0.0"
    },
    "devDependencies": {
      "@types/eslint": "^8.2.2",
      "@types/eslint-plugin-prettier": "^3.1.0",
      "@types/node": "^17.0.17",
      "@types/prettier": "^2.4.3",
      "@types/react": "^17.0.40",
      "@types/react-dom": "^17.0.0",
      "@typescript-eslint/eslint-plugin": "^5.14.0",
      "@typescript-eslint/parser": "^5.14.0",
      "eslint": "^8.11.0",
      "eslint-config-prettier": "^8.5.0",
      "eslint-plugin-prettier": "^4.0.0",
      "eslint-plugin-react": "^7.29.3",
      "eslint-plugin-react-hooks": "^4.3.0",
      "parcel": "^2.3.1",
      "prettier": "^2.5.1",
      "shx": "^0.3.4",
      "tslib": "^2.3.1",
      "typescript": "^4.5.4"
    }
  }

yarn manifest: 
  No manifest

Lockfile: 
  No lockfile
